Base path: /Applications/Unity_4.6.3/Unity.app/Contents
Pipe name: \\.\pipe\UnityShaderCompiler-1--1594162732
Cmd: getPlatforms
Cmd: preprocess
  insize=13323 outsize=3559 ok=1
Cmd: preprocess
  insize=10684 outsize=2790 ok=1
Cmd: preprocess
  insize=19405 outsize=6591 ok=1
Cmd: preprocess
  insize=11665 outsize=4032 ok=1
Cmd: preprocess
  insize=3240 outsize=2006 ok=1
Cmd: preprocess
  insize=35436 outsize=7359 ok=1
Cmd: preprocess
  insize=13641 outsize=3832 ok=1
Cmd: preprocess
  insize=2514 outsize=1827 ok=1
Cmd: preprocess
  insize=18794 outsize=5408 ok=1
Cmd: preprocess
  insize=11205 outsize=3110 ok=1
Cmd: preprocess
  insize=5925 outsize=3625 ok=1
Cmd: preprocess
  insize=1489 outsize=1486 ok=1
Cmd: preprocess
  insize=12054 outsize=3866 ok=1
Cmd: preprocess
  insize=20889 outsize=4925 ok=1
Cmd: preprocess
  insize=12201 outsize=4961 ok=1
